Detecting C compiler ABI info failed to compile with the following output:
Change Dir: /afs/cern.ch/work/a/ajofrehe/cern-summer-2016/geant4/EEShashlikSimulation/matrix_simple081/cmake/CMakeFiles/CMakeTmp

Run Build Command:/usr/bin/gmake "cmTryCompileExec3907055965/fast"
/usr/bin/gmake -f CMakeFiles/cmTryCompileExec3907055965.dir/build.make CMakeFiles/cmTryCompileExec3907055965.dir/build
gmake[1]: Entering directory `/afs/cern.ch/work/a/ajofrehe/cern-summer-2016/geant4/EEShashlikSimulation/matrix_simple081/cmake/CMakeFiles/CMakeTmp'
/usr/bin/cmake -E cmake_progress_report /afs/cern.ch/work/a/ajofrehe/cern-summer-2016/geant4/EEShashlikSimulation/matrix_simple081/cmake/CMakeFiles/CMakeTmp/CMakeFiles 1
Building C object CMakeFiles/cmTryCompileExec3907055965.dir/CMakeCCompilerABI.c.o
/afs/cern.ch/sw/lcg/contrib/gcc/4.9/x86_64-slc6/bin/gcc    -o CMakeFiles/cmTryCompileExec3907055965.dir/CMakeCCompilerABI.c.o   -c /usr/share/cmake/Modules/CMakeCCompilerABI.c
Linking C executable cmTryCompileExec3907055965
/usr/bin/cmake -E cmake_link_script CMakeFiles/cmTryCompileExec3907055965.dir/link.txt --verbose=1
/afs/cern.ch/sw/lcg/contrib/gcc/4.9/x86_64-slc6/bin/gcc     -v CMakeFiles/cmTryCompileExec3907055965.dir/CMakeCCompilerABI.c.o  -o cmTryCompileExec3907055965 -rdynamic  
Using built-in specs.
COLLECT_GCC=/afs/cern.ch/sw/lcg/contrib/gcc/4.9/x86_64-slc6/bin/gcc
COLLECT_LTO_WRAPPER=/afs/cern.ch/sw/lcg/contrib/gcc/4.9.3/x86_64-slc6/bin/../libexec/gcc/x86_64-unknown-linux-gnu/4.9.3/lto-wrapper
Target: x86_64-unknown-linux-gnu
Configured with: ../gcc-4.9.3/configure --prefix=/build/pmendez-sftnight/install-493/ --with-system-zlib --disable-multilib --enable-languages=all
Thread model: posix
gcc version 4.9.3 (GCC) 
COMPILER_PATH=/afs/cern.ch/sw/lcg/contrib/gcc/4.9.3/x86_64-slc6/bin/../libexec/gcc/x86_64-unknown-linux-gnu/4.9.3/:/afs/cern.ch/sw/lcg/contrib/gcc/4.9.3/x86_64-slc6/bin/../libexec/gcc/:/afs/cern.ch/sw/lcg/external/gcc/4.9/x86_64-slc6-gcc49-opt/lib/gcc/x86_64-unknown-linux-gnu/4.9.3/
LIBRARY_PATH=/afs/cern.ch/sw/lcg/contrib/gcc/4.9.3/x86_64-slc6/bin/../lib/gcc/x86_64-unknown-linux-gnu/4.9.3/:/afs/cern.ch/sw/lcg/contrib/gcc/4.9.3/x86_64-slc6/bin/../lib/gcc/:/afs/cern.ch/sw/lcg/contrib/gcc/4.9.3/x86_64-slc6/bin/../lib/gcc/x86_64-unknown-linux-gnu/4.9.3/../../../../lib64/:/lib/../lib64/:/usr/lib/../lib64/:/afs/cern.ch/sw/lcg/contrib/gcc/4.9.3/x86_64-slc6/bin/../lib/gcc/x86_64-unknown-linux-gnu/4.9.3/../../../:/lib/:/usr/lib/
COLLECT_GCC_OPTIONS='-v' '-o' 'cmTryCompileExec3907055965' '-rdynamic' '-mtune=generic' '-march=x86-64'
 /afs/cern.ch/sw/lcg/contrib/gcc/4.9.3/x86_64-slc6/bin/../libexec/gcc/x86_64-unknown-linux-gnu/4.9.3/collect2 --eh-frame-hdr -m elf_x86_64 -export-dynamic -dynamic-linker /lib64/ld-linux-x86-64.so.2 -o cmTryCompileExec3907055965 /usr/lib/../lib64/crt1.o /usr/lib/../lib64/crti.o /afs/cern.ch/sw/lcg/contrib/gcc/4.9.3/x86_64-slc6/bin/../lib/gcc/x86_64-unknown-linux-gnu/4.9.3/crtbegin.o -L/afs/cern.ch/sw/lcg/contrib/gcc/4.9.3/x86_64-slc6/bin/../lib/gcc/x86_64-unknown-linux-gnu/4.9.3 -L/afs/cern.ch/sw/lcg/contrib/gcc/4.9.3/x86_64-slc6/bin/../lib/gcc -L/afs/cern.ch/sw/lcg/contrib/gcc/4.9.3/x86_64-slc6/bin/../lib/gcc/x86_64-unknown-linux-gnu/4.9.3/../../../../lib64 -L/lib/../lib64 -L/usr/lib/../lib64 -L/afs/cern.ch/sw/lcg/contrib/gcc/4.9.3/x86_64-slc6/bin/../lib/gcc/x86_64-unknown-linux-gnu/4.9.3/../../.. CMakeFiles/cmTryCompileExec3907055965.dir/CMakeCCompilerABI.c.o -lgcc --as-needed -lgcc_s --no-as-needed -lc -lgcc --as-needed -lgcc_s --no-as-needed /afs/cern.ch/sw/lcg/contrib/gcc/4.9.3/x86_64-slc6/bin/../lib/gcc/x86_64-unknown-linux-gnu/4.9.3/crtend.o /usr/lib/../lib64/crtn.o
collect2: error: ld terminated with signal 11 [Segmentation fault]
gmake[1]: Leaving directory `/afs/cern.ch/work/a/ajofrehe/cern-summer-2016/geant4/EEShashlikSimulation/matrix_simple081/cmake/CMakeFiles/CMakeTmp'
gmake[1]: *** [cmTryCompileExec3907055965] Error 1
gmake: *** [cmTryCompileExec3907055965/fast] Error 2



